2013-09-24 08:26:43.579 TourGuide[5298:c07] Multi-tasking -> Device: YES, App: YES
2013-09-24 08:26:43.847 TourGuide[5298:c07] Resetting plugins due to page load.
2013-09-24 08:26:43.969 TourGuide[5298:c07] Finished load of: file:///Users/bbarr/Library/Application%20Support/iPhone%20Simulator/6.1/Applications/C5320E54-5D78-460F-B493-F1D4BF33C298/TourGuide.app/www/index.html
2013-09-24 08:26:43.985 TourGuide[5298:c07] DEPRECATION NOTICE: The Connection ReachableViaWWAN return value of '2g' is deprecated as of Cordova version 2.6.0 and will be changed to 'cellular' in a future release. 
2013-09-24 08:26:43.999 TourGuide[5298:c07] Received Event: deviceready
Terminating in response to SpringBoard's termination.
2013-09-24 08:33:49.214 TourGuide[5558:c07] Multi-tasking -> Device: YES, App: YES
2013-09-24 08:33:49.334 TourGuide[5558:c07] Resetting plugins due to page load.
2013-09-24 08:33:49.381 TourGuide[5558:c07] Finished load of: file:///Users/bbarr/Library/Application%20Support/iPhone%20Simulator/6.1/Applications/C5320E54-5D78-460F-B493-F1D4BF33C298/TourGuide.app/www/index.html
2013-09-24 08:33:49.407 TourGuide[5558:c07] DEPRECATION NOTICE: The Connection ReachableViaWWAN return value of '2g' is deprecated as of Cordova version 2.6.0 and will be changed to 'cellular' in a future release. 
2013-09-24 08:34:42.017 TourGuide[5737:c07] Multi-tasking -> Device: YES, App: YES
2013-09-24 08:34:42.099 TourGuide[5737:c07] Resetting plugins due to page load.
2013-09-24 08:34:42.149 TourGuide[5737:c07] Finished load of: file:///Users/bbarr/Library/Application%20Support/iPhone%20Simulator/6.1/Applications/C5320E54-5D78-460F-B493-F1D4BF33C298/TourGuide.app/www/index.html
2013-09-24 08:34:42.165 TourGuide[5737:c07] DEPRECATION NOTICE: The Connection ReachableViaWWAN return value of '2g' is deprecated as of Cordova version 2.6.0 and will be changed to 'cellular' in a future release. 
2013-09-24 08:34:58.553 TourGuide[5905:c07] Multi-tasking -> Device: YES, App: YES
2013-09-24 08:34:58.626 TourGuide[5905:c07] Resetting plugins due to page load.
2013-09-24 08:34:58.681 TourGuide[5905:c07] Finished load of: file:///Users/bbarr/Library/Application%20Support/iPhone%20Simulator/6.1/Applications/C5320E54-5D78-460F-B493-F1D4BF33C298/TourGuide.app/www/index.html
2013-09-24 08:34:58.734 TourGuide[5905:c07] DEPRECATION NOTICE: The Connection ReachableViaWWAN return value of '2g' is deprecated as of Cordova version 2.6.0 and will be changed to 'cellular' in a future release. 
2013-09-24 08:35:15.146 TourGuide[6075:c07] Multi-tasking -> Device: YES, App: YES
2013-09-24 08:35:15.223 TourGuide[6075:c07] Resetting plugins due to page load.
2013-09-24 08:35:15.273 TourGuide[6075:c07] Finished load of: file:///Users/bbarr/Library/Application%20Support/iPhone%20Simulator/6.1/Applications/C5320E54-5D78-460F-B493-F1D4BF33C298/TourGuide.app/www/index.html
2013-09-24 08:35:15.316 TourGuide[6075:c07] DEPRECATION NOTICE: The Connection ReachableViaWWAN return value of '2g' is deprecated as of Cordova version 2.6.0 and will be changed to 'cellular' in a future release. 
2013-09-24 08:36:11.832 TourGuide[6248:c07] Multi-tasking -> Device: YES, App: YES
2013-09-24 08:36:11.905 TourGuide[6248:c07] Resetting plugins due to page load.
2013-09-24 08:36:11.961 TourGuide[6248:c07] Finished load of: file:///Users/bbarr/Library/Application%20Support/iPhone%20Simulator/6.1/Applications/C5320E54-5D78-460F-B493-F1D4BF33C298/TourGuide.app/www/index.html
2013-09-24 08:36:12.007 TourGuide[6248:c07] DEPRECATION NOTICE: The Connection ReachableViaWWAN return value of '2g' is deprecated as of Cordova version 2.6.0 and will be changed to 'cellular' in a future release. 
2013-09-24 08:36:26.270 TourGuide[6417:c07] Multi-tasking -> Device: YES, App: YES
2013-09-24 08:36:26.346 TourGuide[6417:c07] Resetting plugins due to page load.
2013-09-24 08:36:26.397 TourGuide[6417:c07] Finished load of: file:///Users/bbarr/Library/Application%20Support/iPhone%20Simulator/6.1/Applications/C5320E54-5D78-460F-B493-F1D4BF33C298/TourGuide.app/www/index.html
2013-09-24 08:36:26.444 TourGuide[6417:c07] DEPRECATION NOTICE: The Connection ReachableViaWWAN return value of '2g' is deprecated as of Cordova version 2.6.0 and will be changed to 'cellular' in a future release. 
2013-09-24 08:36:58.662 TourGuide[6588:c07] Multi-tasking -> Device: YES, App: YES
2013-09-24 08:36:58.741 TourGuide[6588:c07] Resetting plugins due to page load.
2013-09-24 08:36:58.791 TourGuide[6588:c07] Finished load of: file:///Users/bbarr/Library/Application%20Support/iPhone%20Simulator/6.1/Applications/C5320E54-5D78-460F-B493-F1D4BF33C298/TourGuide.app/www/index.html
2013-09-24 08:36:58.837 TourGuide[6588:c07] DEPRECATION NOTICE: The Connection ReachableViaWWAN return value of '2g' is deprecated as of Cordova version 2.6.0 and will be changed to 'cellular' in a future release. 
2013-09-24 09:10:45.558 TourGuide[7057:c07] Multi-tasking -> Device: YES, App: YES
2013-09-24 09:10:45.660 TourGuide[7057:c07] Resetting plugins due to page load.
2013-09-24 09:10:45.781 TourGuide[7057:c07] Finished load of: file:///Users/bbarr/Library/Application%20Support/iPhone%20Simulator/6.1/Applications/C5320E54-5D78-460F-B493-F1D4BF33C298/TourGuide.app/www/index.html
2013-09-24 09:10:45.813 TourGuide[7057:c07] DEPRECATION NOTICE: The Connection ReachableViaWWAN return value of '2g' is deprecated as of Cordova version 2.6.0 and will be changed to 'cellular' in a future release. 
2013-09-24 09:11:21.615 TourGuide[7233:c07] Multi-tasking -> Device: YES, App: YES
2013-09-24 09:11:21.688 TourGuide[7233:c07] Resetting plugins due to page load.
2013-09-24 09:11:21.789 TourGuide[7233:c07] Finished load of: file:///Users/bbarr/Library/Application%20Support/iPhone%20Simulator/6.1/Applications/C5320E54-5D78-460F-B493-F1D4BF33C298/TourGuide.app/www/index.html
2013-09-24 09:11:21.843 TourGuide[7233:c07] DEPRECATION NOTICE: The Connection ReachableViaWWAN return value of '2g' is deprecated as of Cordova version 2.6.0 and will be changed to 'cellular' in a future release. 
2013-09-24 12:28:41.420 TourGuide[8583:c07] Multi-tasking -> Device: YES, App: YES
2013-09-24 12:28:41.547 TourGuide[8583:c07] Resetting plugins due to page load.
2013-09-24 12:28:41.641 TourGuide[8583:c07] Finished load of: file:///Users/bbarr/Library/Application%20Support/iPhone%20Simulator/6.1/Applications/C5320E54-5D78-460F-B493-F1D4BF33C298/TourGuide.app/www/index.html
2013-09-24 12:28:41.667 TourGuide[8583:c07] DEPRECATION NOTICE: The Connection ReachableViaWWAN return value of '2g' is deprecated as of Cordova version 2.6.0 and will be changed to 'cellular' in a future release. 
2013-09-24 12:30:08.262 TourGuide[8768:c07] Multi-tasking -> Device: YES, App: YES
2013-09-24 12:30:08.350 TourGuide[8768:c07] Resetting plugins due to page load.
2013-09-24 12:30:08.453 TourGuide[8768:c07] Finished load of: file:///Users/bbarr/Library/Application%20Support/iPhone%20Simulator/6.1/Applications/C5320E54-5D78-460F-B493-F1D4BF33C298/TourGuide.app/www/index.html
2013-09-24 12:30:08.488 TourGuide[8768:c07] DEPRECATION NOTICE: The Connection ReachableViaWWAN return value of '2g' is deprecated as of Cordova version 2.6.0 and will be changed to 'cellular' in a future release. 
2013-09-24 12:32:23.695 TourGuide[8959:c07] Multi-tasking -> Device: YES, App: YES
2013-09-24 12:32:23.793 TourGuide[8959:c07] Resetting plugins due to page load.
2013-09-24 12:32:23.902 TourGuide[8959:c07] Finished load of: file:///Users/bbarr/Library/Application%20Support/iPhone%20Simulator/6.1/Applications/C5320E54-5D78-460F-B493-F1D4BF33C298/TourGuide.app/www/index.html
2013-09-24 12:32:23.934 TourGuide[8959:c07] DEPRECATION NOTICE: The Connection ReachableViaWWAN return value of '2g' is deprecated as of Cordova version 2.6.0 and will be changed to 'cellular' in a future release. 
Terminating in response to SpringBoard's termination.
2013-09-25 00:07:53.384 TourGuide[2383:c07] Multi-tasking -> Device: YES, App: YES
2013-09-25 00:07:53.636 TourGuide[2383:c07] Resetting plugins due to page load.
2013-09-25 00:07:53.799 TourGuide[2383:c07] Finished load of: file:///Users/bbarr/Library/Application%20Support/iPhone%20Simulator/6.1/Applications/C5320E54-5D78-460F-B493-F1D4BF33C298/TourGuide.app/www/index.html
2013-09-25 00:07:53.824 TourGuide[2383:c07] DEPRECATION NOTICE: The Connection ReachableViaWWAN return value of '2g' is deprecated as of Cordova version 2.6.0 and will be changed to 'cellular' in a future release. 
Terminating in response to SpringBoard's termination.
